<?xml version="1.0" encoding="UTF-8"?>
<!-- Generated by org.testng.reporters.JUnitReportReporter -->
<testsuite hostname="DESKTOP-LJH27E5" failures="0" tests="1" name="parallel_execution.Parallel_3" time="10.617" errors="0" timestamp="2024-07-31T20:32:28 IST" skipped="0">
  <testcase classname="parallel_execution.Parallel_3" name="tc3" time="10.617"/>
  <system-out/>
</testsuite> <!-- parallel_execution.Parallel_3 -->
