<?xml version="1.0" encoding="UTF-8"?>
<!-- Generated by org.testng.reporters.JUnitReportReporter -->
<testsuite hostname="DESKTOP-LJH27E5" failures="0" tests="1" name="TestNGpackage.Annotations_flow" time="0.009" errors="0" timestamp="2024-07-30T21:29:41 IST" skipped="0">
  <testcase classname="TestNGpackage.Annotations_flow" name="tc" time="0.009"/>
  <system-out>
    <![CDATA[==actual tc==]]>
  </system-out>
</testsuite> <!-- TestNGpackage.Annotations_flow -->
