<?xml version="1.0" encoding="UTF-8"?>
<!-- Generated by org.testng.reporters.JUnitReportReporter -->
<testsuite hostname="DESKTOP-LJH27E5" failures="0" tests="1" name="parallel_execution.Parallel_1" time="44.759" errors="0" timestamp="2024-07-31T20:32:28 IST" skipped="0">
  <testcase classname="parallel_execution.Parallel_1" name="tc1" time="44.759"/>
  <system-out/>
</testsuite> <!-- parallel_execution.Parallel_1 -->
