<?xml version="1.0" encoding="UTF-8"?>
<!-- Generated by org.testng.reporters.JUnitReportReporter -->
<testsuite hostname="DESKTOP-LJH27E5" failures="0" tests="3" name="batch_execution.Sample1" time="0.018" errors="0" timestamp="2024-07-30T21:43:16 IST" skipped="0">
  <testcase classname="batch_execution.Sample1" name="tc1" time="0.013"/>
  <system-out>
    <![CDATA[running tc1]]>
  </system-out>
  <testcase classname="batch_execution.Sample1" name="tc2" time="0.002"/>
  <system-out>
    <![CDATA[running tc2]]>
  </system-out>
  <testcase classname="batch_execution.Sample1" name="tc3" time="0.003"/>
  <system-out>
    <![CDATA[running tc3]]>
  </system-out>
</testsuite> <!-- batch_execution.Sample1 -->
