<?xml version="1.0" encoding="UTF-8"?>
<!-- Generated by org.testng.reporters.JUnitReportReporter -->
<testsuite hostname="DESKTOP-LJH27E5" failures="0" tests="3" name="batch_execution.Sample2" time="0.011" errors="0" timestamp="2024-07-30T21:43:16 IST" skipped="0">
  <testcase classname="batch_execution.Sample2" name="tc6" time="0.005"/>
  <system-out>
    <![CDATA[running tc6]]>
  </system-out>
  <testcase classname="batch_execution.Sample2" name="tc5" time="0.002"/>
  <system-out>
    <![CDATA[running tc5]]>
  </system-out>
  <testcase classname="batch_execution.Sample2" name="tc4" time="0.004"/>
  <system-out>
    <![CDATA[running tc4]]>
  </system-out>
</testsuite> <!-- batch_execution.Sample2 -->
