<?xml version="1.0" encoding="UTF-8"?>
<!-- Generated by org.testng.reporters.JUnitReportReporter -->
<testsuite hostname="DESKTOP-LJH27E5" failures="0" tests="5" name="TestNGpackage.Invocation_count" time="0.023" errors="0" timestamp="2024-07-29T21:26:53 IST" skipped="0">
  <testcase classname="TestNGpackage.Invocation_count" name="tc" time="0.002"/>
  <system-out>
    <![CDATA[hiii]]>
  </system-out>
  <testcase classname="TestNGpackage.Invocation_count" name="tc" time="0.003"/>
  <system-out>
    <![CDATA[hiii]]>
  </system-out>
  <testcase classname="TestNGpackage.Invocation_count" name="tc" time="0.001"/>
  <system-out>
    <![CDATA[hiii]]>
  </system-out>
  <testcase classname="TestNGpackage.Invocation_count" name="tc" time="0.002"/>
  <system-out>
    <![CDATA[hiii]]>
  </system-out>
  <testcase classname="TestNGpackage.Invocation_count" name="tc" time="0.015"/>
  <system-out>
    <![CDATA[hiii]]>
  </system-out>
</testsuite> <!-- TestNGpackage.Invocation_count -->
