<?xml version="1.0" encoding="UTF-8"?>
<!-- Generated by org.testng.reporters.JUnitReportReporter -->
<testsuite hostname="DESKTOP-LJH27E5" failures="0" tests="2" name="TestNGpackage.A" time="0.039" errors="0" timestamp="2024-07-29T20:22:11 IST" skipped="0">
  <testcase classname="TestNGpackage.A" name="tc2" time="0.008"/>
  <system-out>
    <![CDATA[second progrm]]>
  </system-out>
  <testcase classname="TestNGpackage.A" name="tc1" time="0.031"/>
  <system-out>
    <![CDATA[hiii i am first test NG output]]>
  </system-out>
</testsuite> <!-- TestNGpackage.A -->
