<?xml version="1.0" encoding="UTF-8"?>
<!-- Generated by org.testng.reporters.JUnitReportReporter -->
<testsuite hostname="DESKTOP-LJH27E5" failures="0" tests="3" name="batch_execution.Sample3" time="0.008" errors="0" timestamp="2024-07-30T21:43:16 IST" skipped="0">
  <testcase classname="batch_execution.Sample3" name="tc9" time="0.001"/>
  <system-out>
    <![CDATA[running tc9]]>
  </system-out>
  <testcase classname="batch_execution.Sample3" name="tc8" time="0.003"/>
  <system-out>
    <![CDATA[running tc8]]>
  </system-out>
  <testcase classname="batch_execution.Sample3" name="tc7" time="0.004"/>
  <system-out>
    <![CDATA[running tc7]]>
  </system-out>
</testsuite> <!-- batch_execution.Sample3 -->
